[debug] [2023-06-01T20:07:15.517Z] ----------------------------------------------------------------------
[debug] [2023-06-01T20:07:15.519Z] Command:       C:\Program Files\nodejs\node.exe C:\Program Files\nodejs\node_modules\firebase-tools\lib\bin\firebase.js deploy -m first deploy --only hosting
[debug] [2023-06-01T20:07:15.520Z] CLI Version:   12.2.1
[debug] [2023-06-01T20:07:15.520Z] Platform:      win32
[debug] [2023-06-01T20:07:15.520Z] Node Version:  v16.20.0
[debug] [2023-06-01T20:07:15.522Z] Time:          Thu Jun 01 2023 15:07:15 GMT-0500 (hora estándar de Colombia)
[debug] [2023-06-01T20:07:15.522Z] ----------------------------------------------------------------------
[debug] 
[debug] [2023-06-01T20:07:15.603Z] > command requires scopes: ["email","openid","https://www.googleapis.com/auth/cloudplatformprojects.readonly","https://www.googleapis.com/auth/firebase","https://www.googleapis.com/auth/cloud-platform"]
[debug] [2023-06-01T20:07:15.604Z] > authorizing via signed-in user (fabianzul@gmail.com)
[debug] [2023-06-01T20:07:15.604Z] [iam] checking project animalhealth-e2956 for permissions ["firebase.projects.get","firebasehosting.sites.update"]
[debug] [2023-06-01T20:07:15.605Z] > refreshing access token with scopes: []
[debug] [2023-06-01T20:07:15.607Z] >>> [apiv2][query] POST https://www.googleapis.com/oauth2/v3/token [none]
[debug] [2023-06-01T20:07:15.608Z] >>> [apiv2][body] POST https://www.googleapis.com/oauth2/v3/token [omitted]
[debug] [2023-06-01T20:07:15.926Z] <<< [apiv2][status] POST https://www.googleapis.com/oauth2/v3/token 200
[debug] [2023-06-01T20:07:15.927Z] <<< [apiv2][body] POST https://www.googleapis.com/oauth2/v3/token [omitted]
[debug] [2023-06-01T20:07:15.953Z] >>> [apiv2][query] POST https://cloudresourcemanager.googleapis.com/v1/projects/animalhealth-e2956:testIamPermissions [none]
[debug] [2023-06-01T20:07:15.953Z] >>> [apiv2][(partial)header] POST https://cloudresourcemanager.googleapis.com/v1/projects/animalhealth-e2956:testIamPermissions x-goog-quota-user=projects/animalhealth-e2956
[debug] [2023-06-01T20:07:15.953Z] >>> [apiv2][body] POST https://cloudresourcemanager.googleapis.com/v1/projects/animalhealth-e2956:testIamPermissions {"permissions":["firebase.projects.get","firebasehosting.sites.update"]}
[debug] [2023-06-01T20:07:16.607Z] <<< [apiv2][status] POST https://cloudresourcemanager.googleapis.com/v1/projects/animalhealth-e2956:testIamPermissions 200
[debug] [2023-06-01T20:07:16.607Z] <<< [apiv2][body] POST https://cloudresourcemanager.googleapis.com/v1/projects/animalhealth-e2956:testIamPermissions {"permissions":["firebase.projects.get","firebasehosting.sites.update"]}
[debug] [2023-06-01T20:07:16.608Z] >>> [apiv2][query] GET https://firebase.googleapis.com/v1beta1/projects/animalhealth-e2956 [none]
[debug] [2023-06-01T20:07:17.037Z] <<< [apiv2][status] GET https://firebase.googleapis.com/v1beta1/projects/animalhealth-e2956 200
[debug] [2023-06-01T20:07:17.037Z] <<< [apiv2][body] GET https://firebase.googleapis.com/v1beta1/projects/animalhealth-e2956 {"projectId":"animalhealth-e2956","projectNumber":"1069341483933","displayName":"animalHealth","name":"projects/animalhealth-e2956","resources":{"hostingSite":"animalhealth-e2956","realtimeDatabaseInstance":"animalhealth-e2956-default-rtdb"},"state":"ACTIVE","etag":"1_62726af8-5a13-42b4-8bb0-213cfcd50d64"}
[info] 
[info] === Deploying to 'animalhealth-e2956'...
[info] 
[info] i  deploying hosting 
[debug] [2023-06-01T20:07:17.043Z] >>> [apiv2][query] POST https://firebasehosting.googleapis.com/v1beta1/projects/-/sites/animalhealth-e2956/versions [none]
[debug] [2023-06-01T20:07:17.043Z] >>> [apiv2][body] POST https://firebasehosting.googleapis.com/v1beta1/projects/-/sites/animalhealth-e2956/versions {"status":"CREATED","labels":{"deployment-tool":"cli-firebase"}}
[debug] [2023-06-01T20:07:18.260Z] <<< [apiv2][status] POST https://firebasehosting.googleapis.com/v1beta1/projects/-/sites/animalhealth-e2956/versions 200
[debug] [2023-06-01T20:07:18.260Z] <<< [apiv2][body] POST https://firebasehosting.googleapis.com/v1beta1/projects/-/sites/animalhealth-e2956/versions {"name":"projects/1069341483933/sites/animalhealth-e2956/versions/5c2cbfc16c0fad9b","status":"CREATED","config":{},"labels":{"deployment-tool":"cli-firebase"}}
[info] i  hosting[animalhealth-e2956]: beginning deploy... 
[info] i  hosting[animalhealth-e2956]: found 44 files in dist/petHealthWebPage 
[debug] [2023-06-01T20:07:18.281Z] [hosting] uploading with 200 concurrency
[debug] [2023-06-01T20:07:18.299Z] [hosting] hash cache [ZGlzdFxwZXRIZWFsdGhXZWJQYWdl] stored for 44 files
[debug] [2023-06-01T20:07:18.300Z] [hosting][hash queue][FINAL] {"max":7,"min":1,"avg":1.1363636363636365,"active":0,"complete":44,"success":44,"errored":0,"retried":0,"total":44,"elapsed":16}
[debug] [2023-06-01T20:07:18.301Z] >>> [apiv2][query] POST https://firebasehosting.googleapis.com/v1beta1/projects/1069341483933/sites/animalhealth-e2956/versions/5c2cbfc16c0fad9b:populateFiles [none]
[debug] [2023-06-01T20:07:18.301Z] >>> [apiv2][body] POST https://firebasehosting.googleapis.com/v1beta1/projects/1069341483933/sites/animalhealth-e2956/versions/5c2cbfc16c0fad9b:populateFiles {"files":{"/3rdpartylicenses.txt":"100f4b1c9dbf0b424b4070a1f69125c3df5f85841b46b14f207365132022ac1e","/4.20b3017b3f3c906faf50.js":"609b75c9e2759aac2bc71644810e099d59056ed10bcb09e899f9e1f0e5d4e8c5","/favicon.ico":"3b78f993f13027179977aaa04a5398b7d6832af035f0aacd1e517ff2c628464a","/main.a0c77c6d01f9453f4d58.js":"d15b1128ebace148a4f1e2e3200e3e78bcdcc00b13acdf83ef90be4a1ce32217","/manifest.json":"005ba7ba583a3c5ead21129bbb9f7fd8a61aa590d581e16a6bb3a93cb12180da","/polyfills.bebee6a5ef0ece001bc6.js":"56d055104eb7639948d5034d0834170e772cc0f396ddbd81fc978a8f2a0d2824","/runtime.dc716b1f2dd685b45436.js":"18e9a2511459e294becc1531962a6a12b44327a4f12abdfea0b584bea9db1167","/styles.b9999dfdd0e4bb820dca.css":"c548c9a39171858fac09d1d498371cbafec90f0ea5ca06c0a449359c27417ab5","/assets/fonts/digital-7/digital-7 (italic).ttf":"9addf5370b66c6f281c999d51cd9e8fcece8694f9b66c6084de197c6b135ec58","/assets/fonts/digital-7/digital-7 (mono italic).ttf":"a2608a96fd93c0ccc18544030337e4208e9239cac7f875db07f757b152d96210","/assets/fonts/digital-7/digital-7 (mono).ttf":"eb25dfb98fda2ab0921754866c26d7cc3f15bfa19fb6e9a43c96ae2592b4236c","/assets/fonts/digital-7/digital-7.ttf":"fffc32df866cc46672b4c9ec4f01ec502c0497195aa633269da48d8d8ecadfb0","/assets/fonts/digital-7/readme.txt":"47f55212327f2fe351ae7e8650d2002e248f6d13be40a00d7cd7ba2dfde9ddf1","/assets/img/analytics (1).png":"7febf41b02d2cdfdae7894a8d08e678fc8c117681ba0209a2206c3e8036c6c94","/assets/img/analytics.png":"0e725413536970fb6808c1160829b8ea569a13f63fc6107d100372df08b3f1ba","/assets/img/auth.png":"a7954c3637709e4ad1be7d8c374d8912ea01ab11f5d4793d149afc7df81b5090","/assets/img/cloudmessaging.png":"9e4d6adecc09fd1670622655d98266e2f5f1d631b66827a61a01caf4ce07b4ba","/assets/img/database.png":"8b90a0ae5e67f9e539c617fd7d9364417ad31e5ba35f7c7de605b169edcafe6d","/assets/img/dog.png":"e648e52d804ca365e15fa57ce6dead27645d9b1fb98fe112391fa99b468cc94a","/assets/img/experiments.png":"a2892b9f6b9b3c0ad4b1a6f89c4a1ddd9ca993eb9101c8084456d67c47e81f77","/assets/img/experimentsConfig.png":"dce3bc5cb4294ba24f72698af4a053db411f5ac743150eb0933b703d157dae6f","/assets/img/fan_ok.gif":"e0fa49cac9cb1cc08673ff0243b3fb8c77afb8110fdac34189a634bc0a9c9ca3","/assets/img/fan_white.gif":"94f12b6c98c3b530abf23d589011a50da3cb5d53533997810aee3dd0ef7400f0","/assets/img/favicon.ico":"b872d3d6a487d14639ec1abd71b26a84d0b05f16b3f1c92ddd8223a8974bbe30","/assets/img/funat.png":"8130060d3182abc936b87d9c4dcfa3b7e2fea0d12743bbeec0cd3c0e97d1c791","/assets/img/functions.png":"ef24b532df9b305bccf301135c7777bc893b9082fd79b8defdcf2f9333252f14","/assets/img/functions_banner.png":"f6f9b2d45ce48b80c805b920a0a84eafca2fe1d3e2f53705e41cb0534bf8f9a4","/assets/img/green.gif":"83f444887eaa7959fcc16c53a92ef0f782eb11dac4a46d9d9e868266ddb4f095","/assets/img/Logo.jpg":"c68c4cce910fb92200e275c5dbf097efd6c08e960462183d615ecd27a805ba0d","/assets/img/logo.png":"887c08c044acbeba278653c66cc6b9f999b0f286a56a9f137dc43d5710d6d6b1","/assets/img/logo2.png":"d7b3c3729f1a88a091db228729c64d035bb1995397c09dc9453b3e66b6455393","/assets/img/logo_Funat.png":"72722c4f51b891fc0984f3d9a79e7281b02de07da045248c73b0436e8b7769d6","/assets/img/ot.gif":"79f5cce03e59b5561ed19c8f033cf0d48b0dc11b11d45f507cd345127d5160e8","/assets/img/recipe.png":"81bf212091d9c17f8035d9274b3d28347b7b19a37c9f4d8c522b0a257e8dd552","/assets/img/sensorNotify.png":"fa4be34bddbfe1105ff8caf2f5802cc141067c452892bcbad9549bdb5ed46b59","/assets/img/this.gif":"acbb7f0429e4a0ce6bf79a7db3aa4622b64e51babf738dbad6abe033baced806","/assets/img/trophy.png":"26cf76aa2d2b36e8f030f7f6c9a6cd144b0cc930da47fcce849ed516c1d4402e","/assets/img/trophy2.png":"6ed7c087f13a335b9079d448675d58f14444874c0d4783428e84ea0a47705af7","/assets/img/warning.png":"b35833d941e11db466e374be9e039c9b1091327d914e08b9a0dae3bc1b415ee7","/assets/img/winner.png":"ff2d2f15ff06461cfc73ca5c1e3529d90849f443ef75ebf831e891686e41e207","/assets/img/winner4.png":"3a7eff8de96d39a4165b36ca4bf6ba37c0533a9a7f051a40243a2dfe7d9cc424","/assets/img/winnero.png":"389fde7599dbdfdfff1293023c41feef354614f0e82ab294dbaa08ca3ac97cc2","/assets/img/winnerw.png":"e1fc1e6cd293a58e191720eae74c9d8a72b8304ca95cd3f84ea1eb9a196abb70","/index.html":"60e809d16e1495fd2c0a40da3f59cbc22be131ac0c3e58671da5e9bdff69487e"}}
